2025/04/18 01:58:38 [notice] 1#1: using the "epoll" event method
2025/04/18 01:58:38 [notice] 1#1: nginx/1.27.5
2025/04/18 01:58:38 [notice] 1#1: built by gcc 12.2.0 (Debian 12.2.0-14) 
2025/04/18 01:58:38 [notice] 1#1: OS: Linux 5.15.167.4-microsoft-standard-WSL2
2025/04/18 01:58:38 [notice] 1#1: getrlimit(RLIMIT_NOFILE): 1048576:1048576
2025/04/18 01:58:38 [notice] 1#1: start worker processes
2025/04/18 01:58:38 [notice] 1#1: start worker process 28
2025/04/18 01:58:38 [notice] 1#1: start worker process 29
2025/04/18 01:58:38 [notice] 1#1: start worker process 30
2025/04/18 01:58:38 [notice] 1#1: start worker process 31
2025/04/18 01:58:38 [notice] 1#1: start worker process 32
2025/04/18 01:58:38 [notice] 1#1: start worker process 33
2025/04/18 01:58:38 [notice] 1#1: start worker process 34
2025/04/18 01:58:38 [notice] 1#1: start worker process 35
2025/04/18 01:58:38 [notice] 1#1: start worker process 36
2025/04/18 01:58:38 [notice] 1#1: start worker process 37
2025/04/18 01:58:38 [notice] 1#1: start worker process 38
2025/04/18 01:58:38 [notice] 1#1: start worker process 39
2025/04/18 02:43:39 [notice] 1#1: signal 3 (SIGQUIT) received, shutting down
2025/04/18 02:43:39 [notice] 28#28: gracefully shutting down
2025/04/18 02:43:39 [notice] 29#29: gracefully shutting down
2025/04/18 02:43:39 [notice] 30#30: gracefully shutting down
2025/04/18 02:43:39 [notice] 35#35: gracefully shutting down
2025/04/18 02:43:39 [notice] 39#39: gracefully shutting down
2025/04/18 02:43:39 [notice] 36#36: gracefully shutting down
2025/04/18 02:43:39 [notice] 31#31: gracefully shutting down
2025/04/18 02:43:39 [notice] 34#34: gracefully shutting down
2025/04/18 02:43:39 [notice] 28#28: exiting
2025/04/18 02:43:39 [notice] 32#32: gracefully shutting down
2025/04/18 02:43:39 [notice] 36#36: exiting
2025/04/18 02:43:39 [notice] 38#38: gracefully shutting down
2025/04/18 02:43:39 [notice] 37#37: gracefully shutting down
2025/04/18 02:43:39 [notice] 33#33: gracefully shutting down
2025/04/18 02:43:39 [notice] 34#34: exiting
2025/04/18 02:43:39 [notice] 35#35: exiting
2025/04/18 02:43:39 [notice] 30#30: exiting
2025/04/18 02:43:39 [notice] 36#36: exit
2025/04/18 02:43:39 [notice] 39#39: exiting
2025/04/18 02:43:39 [notice] 29#29: exiting
2025/04/18 02:43:39 [notice] 31#31: exiting
2025/04/18 02:43:39 [notice] 32#32: exiting
2025/04/18 02:43:39 [notice] 38#38: exiting
2025/04/18 02:43:39 [notice] 33#33: exiting
2025/04/18 02:43:39 [notice] 28#28: exit
2025/04/18 02:43:39 [notice] 34#34: exit
2025/04/18 02:43:39 [notice] 33#33: exit
2025/04/18 02:43:39 [notice] 38#38: exit
2025/04/18 02:43:39 [notice] 37#37: exiting
2025/04/18 02:43:39 [notice] 31#31: exit
2025/04/18 02:43:39 [notice] 35#35: exit
2025/04/18 02:43:39 [notice] 39#39: exit
2025/04/18 02:43:39 [notice] 30#30: exit
2025/04/18 02:43:39 [notice] 32#32: exit
2025/04/18 02:43:39 [notice] 29#29: exit
2025/04/18 02:43:39 [notice] 37#37: exit
2025/04/18 02:43:39 [notice] 1#1: signal 17 (SIGCHLD) received from 38
2025/04/18 02:43:39 [notice] 1#1: worker process 35 exited with code 0
2025/04/18 02:43:39 [notice] 1#1: worker process 30 exited with code 0
2025/04/18 02:43:39 [notice] 1#1: worker process 31 exited with code 0
2025/04/18 02:43:39 [notice] 1#1: worker process 38 exited with code 0
2025/04/18 02:43:39 [notice] 1#1: worker process 39 exited with code 0
2025/04/18 02:43:39 [notice] 1#1: signal 29 (SIGIO) received
2025/04/18 02:43:39 [notice] 1#1: signal 17 (SIGCHLD) received from 35
2025/04/18 02:43:39 [notice] 1#1: signal 17 (SIGCHLD) received from 29
2025/04/18 02:43:39 [notice] 1#1: worker process 29 exited with code 0
2025/04/18 02:43:39 [notice] 1#1: signal 29 (SIGIO) received
2025/04/18 02:43:39 [notice] 1#1: signal 17 (SIGCHLD) received from 37
2025/04/18 02:43:39 [notice] 1#1: worker process 33 exited with code 0
2025/04/18 02:43:39 [notice] 1#1: worker process 36 exited with code 0
2025/04/18 02:43:39 [notice] 1#1: worker process 37 exited with code 0
2025/04/18 02:43:39 [notice] 1#1: signal 29 (SIGIO) received
2025/04/18 02:43:39 [notice] 1#1: signal 17 (SIGCHLD) received from 33
2025/04/18 02:43:39 [notice] 1#1: worker process 28 exited with code 0
2025/04/18 02:43:39 [notice] 1#1: signal 29 (SIGIO) received
2025/04/18 02:43:39 [notice] 1#1: signal 17 (SIGCHLD) received from 28
2025/04/18 02:43:39 [notice] 1#1: signal 17 (SIGCHLD) received from 32
2025/04/18 02:43:39 [notice] 1#1: worker process 32 exited with code 0
2025/04/18 02:43:39 [notice] 1#1: signal 29 (SIGIO) received
2025/04/18 02:43:39 [notice] 1#1: signal 17 (SIGCHLD) received from 34
2025/04/18 02:43:39 [notice] 1#1: worker process 34 exited with code 0
2025/04/18 02:43:39 [notice] 1#1: exit
2025/04/18 02:44:44 [notice] 1#1: using the "epoll" event method
2025/04/18 02:44:44 [notice] 1#1: nginx/1.27.5
2025/04/18 02:44:44 [notice] 1#1: built by gcc 12.2.0 (Debian 12.2.0-14) 
2025/04/18 02:44:44 [notice] 1#1: OS: Linux 5.15.167.4-microsoft-standard-WSL2
2025/04/18 02:44:44 [notice] 1#1: getrlimit(RLIMIT_NOFILE): 1048576:1048576
2025/04/18 02:44:44 [notice] 1#1: start worker processes
2025/04/18 02:44:44 [notice] 1#1: start worker process 28
2025/04/18 02:44:44 [notice] 1#1: start worker process 29
2025/04/18 02:44:44 [notice] 1#1: start worker process 30
2025/04/18 02:44:44 [notice] 1#1: start worker process 31
2025/04/18 02:44:44 [notice] 1#1: start worker process 32
2025/04/18 02:44:44 [notice] 1#1: start worker process 33
2025/04/18 02:44:44 [notice] 1#1: start worker process 34
2025/04/18 02:44:44 [notice] 1#1: start worker process 35
2025/04/18 02:44:44 [notice] 1#1: start worker process 36
2025/04/18 02:44:44 [notice] 1#1: start worker process 37
2025/04/18 02:44:44 [notice] 1#1: start worker process 38
2025/04/18 02:44:44 [notice] 1#1: start worker process 39
2025/04/18 02:45:03 [notice] 1#1: signal 3 (SIGQUIT) received, shutting down
2025/04/18 02:45:03 [notice] 28#28: gracefully shutting down
2025/04/18 02:45:03 [notice] 38#38: gracefully shutting down
2025/04/18 02:45:03 [notice] 29#29: gracefully shutting down
2025/04/18 02:45:03 [notice] 31#31: gracefully shutting down
2025/04/18 02:45:03 [notice] 30#30: gracefully shutting down
2025/04/18 02:45:03 [notice] 32#32: gracefully shutting down
2025/04/18 02:45:03 [notice] 33#33: gracefully shutting down
2025/04/18 02:45:03 [notice] 35#35: gracefully shutting down
2025/04/18 02:45:03 [notice] 36#36: gracefully shutting down
2025/04/18 02:45:03 [notice] 34#34: gracefully shutting down
2025/04/18 02:45:03 [notice] 39#39: gracefully shutting down
2025/04/18 02:45:03 [notice] 37#37: gracefully shutting down
2025/04/18 02:45:03 [notice] 28#28: exiting
2025/04/18 02:45:03 [notice] 38#38: exiting
2025/04/18 02:45:03 [notice] 29#29: exiting
2025/04/18 02:45:03 [notice] 31#31: exiting
2025/04/18 02:45:03 [notice] 37#37: exiting
2025/04/18 02:45:03 [notice] 30#30: exiting
2025/04/18 02:45:03 [notice] 32#32: exiting
2025/04/18 02:45:03 [notice] 33#33: exiting
2025/04/18 02:45:03 [notice] 35#35: exiting
2025/04/18 02:45:03 [notice] 36#36: exiting
2025/04/18 02:45:03 [notice] 34#34: exiting
2025/04/18 02:45:03 [notice] 39#39: exiting
2025/04/18 02:45:03 [notice] 28#28: exit
2025/04/18 02:45:03 [notice] 38#38: exit
2025/04/18 02:45:03 [notice] 29#29: exit
2025/04/18 02:45:03 [notice] 31#31: exit
2025/04/18 02:45:03 [notice] 37#37: exit
2025/04/18 02:45:03 [notice] 30#30: exit
2025/04/18 02:45:03 [notice] 32#32: exit
2025/04/18 02:45:03 [notice] 33#33: exit
2025/04/18 02:45:03 [notice] 35#35: exit
2025/04/18 02:45:03 [notice] 36#36: exit
2025/04/18 02:45:03 [notice] 34#34: exit
2025/04/18 02:45:03 [notice] 39#39: exit
2025/04/18 02:45:03 [notice] 1#1: signal 17 (SIGCHLD) received from 38
2025/04/18 02:45:03 [notice] 1#1: worker process 32 exited with code 0
2025/04/18 02:45:03 [notice] 1#1: worker process 33 exited with code 0
2025/04/18 02:45:03 [notice] 1#1: worker process 38 exited with code 0
2025/04/18 02:45:03 [notice] 1#1: signal 29 (SIGIO) received
2025/04/18 02:45:03 [notice] 1#1: signal 17 (SIGCHLD) received from 35
2025/04/18 02:45:03 [notice] 1#1: worker process 35 exited with code 0
2025/04/18 02:45:03 [notice] 1#1: signal 29 (SIGIO) received
2025/04/18 02:45:03 [notice] 1#1: signal 17 (SIGCHLD) received from 34
2025/04/18 02:45:03 [notice] 1#1: worker process 28 exited with code 0
2025/04/18 02:45:03 [notice] 1#1: worker process 30 exited with code 0
2025/04/18 02:45:03 [notice] 1#1: worker process 34 exited with code 0
2025/04/18 02:45:03 [notice] 1#1: signal 29 (SIGIO) received
2025/04/18 02:45:03 [notice] 1#1: signal 17 (SIGCHLD) received from 31
2025/04/18 02:45:03 [notice] 1#1: worker process 31 exited with code 0
2025/04/18 02:45:03 [notice] 1#1: worker process 39 exited with code 0
2025/04/18 02:45:03 [notice] 1#1: signal 29 (SIGIO) received
2025/04/18 02:45:03 [notice] 1#1: signal 17 (SIGCHLD) received from 39
2025/04/18 02:45:03 [notice] 1#1: signal 17 (SIGCHLD) received from 29
2025/04/18 02:45:03 [notice] 1#1: worker process 29 exited with code 0
2025/04/18 02:45:03 [notice] 1#1: signal 29 (SIGIO) received
2025/04/18 02:45:03 [notice] 1#1: signal 17 (SIGCHLD) received from 36
2025/04/18 02:45:03 [notice] 1#1: worker process 36 exited with code 0
2025/04/18 02:45:03 [notice] 1#1: worker process 37 exited with code 0
2025/04/18 02:45:03 [notice] 1#1: exit
2025/04/18 02:45:32 [notice] 1#1: using the "epoll" event method
2025/04/18 02:45:32 [notice] 1#1: nginx/1.27.5
2025/04/18 02:45:32 [notice] 1#1: built by gcc 12.2.0 (Debian 12.2.0-14) 
2025/04/18 02:45:32 [notice] 1#1: OS: Linux 5.15.167.4-microsoft-standard-WSL2
2025/04/18 02:45:32 [notice] 1#1: getrlimit(RLIMIT_NOFILE): 1048576:1048576
2025/04/18 02:45:32 [notice] 1#1: start worker processes
2025/04/18 02:45:32 [notice] 1#1: start worker process 28
2025/04/18 02:45:32 [notice] 1#1: start worker process 29
2025/04/18 02:45:32 [notice] 1#1: start worker process 30
2025/04/18 02:45:32 [notice] 1#1: start worker process 31
2025/04/18 02:45:32 [notice] 1#1: start worker process 32
2025/04/18 02:45:32 [notice] 1#1: start worker process 33
2025/04/18 02:45:32 [notice] 1#1: start worker process 34
2025/04/18 02:45:32 [notice] 1#1: start worker process 35
2025/04/18 02:45:32 [notice] 1#1: start worker process 36
2025/04/18 02:45:32 [notice] 1#1: start worker process 37
2025/04/18 02:45:32 [notice] 1#1: start worker process 38
2025/04/18 02:45:32 [notice] 1#1: start worker process 39
2025/04/18 02:55:30 [notice] 1#1: signal 3 (SIGQUIT) received, shutting down
2025/04/18 02:55:30 [notice] 33#33: gracefully shutting down
2025/04/18 02:55:30 [notice] 37#37: gracefully shutting down
2025/04/18 02:55:30 [notice] 36#36: gracefully shutting down
2025/04/18 02:55:30 [notice] 31#31: gracefully shutting down
2025/04/18 02:55:30 [notice] 28#28: gracefully shutting down
2025/04/18 02:55:30 [notice] 34#34: gracefully shutting down
2025/04/18 02:55:30 [notice] 35#35: gracefully shutting down
2025/04/18 02:55:30 [notice] 32#32: gracefully shutting down
2025/04/18 02:55:30 [notice] 36#36: exiting
2025/04/18 02:55:30 [notice] 30#30: gracefully shutting down
2025/04/18 02:55:30 [notice] 29#29: gracefully shutting down
2025/04/18 02:55:30 [notice] 39#39: gracefully shutting down
2025/04/18 02:55:30 [notice] 38#38: gracefully shutting down
2025/04/18 02:55:30 [notice] 33#33: exiting
2025/04/18 02:55:30 [notice] 37#37: exiting
2025/04/18 02:55:30 [notice] 31#31: exiting
2025/04/18 02:55:30 [notice] 34#34: exiting
2025/04/18 02:55:30 [notice] 30#30: exiting
2025/04/18 02:55:30 [notice] 28#28: exiting
2025/04/18 02:55:30 [notice] 31#31: exit
2025/04/18 02:55:30 [notice] 36#36: exit
2025/04/18 02:55:30 [notice] 32#32: exiting
2025/04/18 02:55:30 [notice] 35#35: exiting
2025/04/18 02:55:30 [notice] 32#32: exit
2025/04/18 02:55:30 [notice] 33#33: exit
2025/04/18 02:55:30 [notice] 37#37: exit
2025/04/18 02:55:30 [notice] 34#34: exit
2025/04/18 02:55:30 [notice] 29#29: exiting
2025/04/18 02:55:30 [notice] 39#39: exiting
2025/04/18 02:55:30 [notice] 39#39: exit
2025/04/18 02:55:30 [notice] 38#38: exiting
2025/04/18 02:55:30 [notice] 30#30: exit
2025/04/18 02:55:30 [notice] 28#28: exit
2025/04/18 02:55:30 [notice] 35#35: exit
2025/04/18 02:55:30 [notice] 29#29: exit
2025/04/18 02:55:30 [notice] 38#38: exit
2025/04/18 02:55:30 [notice] 1#1: signal 17 (SIGCHLD) received from 35
2025/04/18 02:55:30 [notice] 1#1: worker process 31 exited with code 0
2025/04/18 02:55:30 [notice] 1#1: worker process 35 exited with code 0
2025/04/18 02:55:30 [notice] 1#1: worker process 37 exited with code 0
2025/04/18 02:55:30 [notice] 1#1: signal 29 (SIGIO) received
2025/04/18 02:55:30 [notice] 1#1: signal 17 (SIGCHLD) received from 31
2025/04/18 02:55:30 [notice] 1#1: signal 17 (SIGCHLD) received from 38
2025/04/18 02:55:30 [notice] 1#1: worker process 29 exited with code 0
2025/04/18 02:55:30 [notice] 1#1: worker process 32 exited with code 0
2025/04/18 02:55:30 [notice] 1#1: worker process 34 exited with code 0
2025/04/18 02:55:30 [notice] 1#1: worker process 38 exited with code 0
2025/04/18 02:55:30 [notice] 1#1: signal 29 (SIGIO) received
2025/04/18 02:55:30 [notice] 1#1: signal 17 (SIGCHLD) received from 34
2025/04/18 02:55:30 [notice] 1#1: signal 17 (SIGCHLD) received from 39
2025/04/18 02:55:30 [notice] 1#1: worker process 33 exited with code 0
2025/04/18 02:55:30 [notice] 1#1: worker process 36 exited with code 0
2025/04/18 02:55:30 [notice] 1#1: worker process 39 exited with code 0
2025/04/18 02:55:30 [notice] 1#1: signal 29 (SIGIO) received
2025/04/18 02:55:30 [notice] 1#1: signal 17 (SIGCHLD) received from 36
2025/04/18 02:55:30 [notice] 1#1: signal 17 (SIGCHLD) received from 28
2025/04/18 02:55:30 [notice] 1#1: worker process 28 exited with code 0
2025/04/18 02:55:30 [notice] 1#1: signal 29 (SIGIO) received
2025/04/18 02:55:30 [notice] 1#1: signal 17 (SIGCHLD) received from 30
2025/04/18 02:55:30 [notice] 1#1: worker process 30 exited with code 0
2025/04/18 02:55:30 [notice] 1#1: exit
2025/04/18 02:55:31 [notice] 1#1: using the "epoll" event method
2025/04/18 02:55:31 [notice] 1#1: nginx/1.27.5
2025/04/18 02:55:31 [notice] 1#1: built by gcc 12.2.0 (Debian 12.2.0-14) 
2025/04/18 02:55:31 [notice] 1#1: OS: Linux 5.15.167.4-microsoft-standard-WSL2
2025/04/18 02:55:31 [notice] 1#1: getrlimit(RLIMIT_NOFILE): 1048576:1048576
2025/04/18 02:55:31 [notice] 1#1: start worker processes
2025/04/18 02:55:31 [notice] 1#1: start worker process 28
2025/04/18 02:55:31 [notice] 1#1: start worker process 29
2025/04/18 02:55:31 [notice] 1#1: start worker process 30
2025/04/18 02:55:31 [notice] 1#1: start worker process 31
2025/04/18 02:55:31 [notice] 1#1: start worker process 32
2025/04/18 02:55:31 [notice] 1#1: start worker process 33
2025/04/18 02:55:31 [notice] 1#1: start worker process 34
2025/04/18 02:55:31 [notice] 1#1: start worker process 35
2025/04/18 02:55:31 [notice] 1#1: start worker process 36
2025/04/18 02:55:31 [notice] 1#1: start worker process 37
2025/04/18 02:55:31 [notice] 1#1: start worker process 38
2025/04/18 02:55:31 [notice] 1#1: start worker process 39
2025/04/18 02:55:32 [notice] 1#1: signal 3 (SIGQUIT) received, shutting down
2025/04/18 02:55:32 [notice] 28#28: gracefully shutting down
2025/04/18 02:55:32 [notice] 39#39: gracefully shutting down
2025/04/18 02:55:32 [notice] 29#29: gracefully shutting down
2025/04/18 02:55:32 [notice] 29#29: exiting
2025/04/18 02:55:32 [notice] 30#30: gracefully shutting down
2025/04/18 02:55:32 [notice] 30#30: exiting
2025/04/18 02:55:32 [notice] 31#31: gracefully shutting down
2025/04/18 02:55:32 [notice] 32#32: gracefully shutting down
2025/04/18 02:55:32 [notice] 33#33: gracefully shutting down
2025/04/18 02:55:32 [notice] 33#33: exiting
2025/04/18 02:55:32 [notice] 34#34: gracefully shutting down
2025/04/18 02:55:32 [notice] 35#35: gracefully shutting down
2025/04/18 02:55:32 [notice] 36#36: gracefully shutting down
2025/04/18 02:55:32 [notice] 37#37: gracefully shutting down
2025/04/18 02:55:32 [notice] 38#38: gracefully shutting down
2025/04/18 02:55:32 [notice] 28#28: exiting
2025/04/18 02:55:32 [notice] 39#39: exiting
2025/04/18 02:55:32 [notice] 29#29: exit
2025/04/18 02:55:32 [notice] 30#30: exit
2025/04/18 02:55:32 [notice] 31#31: exiting
2025/04/18 02:55:32 [notice] 32#32: exiting
2025/04/18 02:55:32 [notice] 33#33: exit
2025/04/18 02:55:32 [notice] 34#34: exiting
2025/04/18 02:55:32 [notice] 35#35: exiting
2025/04/18 02:55:32 [notice] 36#36: exiting
2025/04/18 02:55:32 [notice] 37#37: exiting
2025/04/18 02:55:32 [notice] 38#38: exiting
2025/04/18 02:55:32 [notice] 28#28: exit
2025/04/18 02:55:32 [notice] 39#39: exit
2025/04/18 02:55:32 [notice] 31#31: exit
2025/04/18 02:55:32 [notice] 32#32: exit
2025/04/18 02:55:32 [notice] 34#34: exit
2025/04/18 02:55:32 [notice] 35#35: exit
2025/04/18 02:55:32 [notice] 36#36: exit
2025/04/18 02:55:32 [notice] 37#37: exit
2025/04/18 02:55:32 [notice] 38#38: exit
2025/04/18 02:55:33 [notice] 1#1: signal 17 (SIGCHLD) received from 30
2025/04/18 02:55:33 [notice] 1#1: worker process 30 exited with code 0
2025/04/18 02:55:33 [notice] 1#1: signal 29 (SIGIO) received
2025/04/18 02:55:33 [notice] 1#1: signal 17 (SIGCHLD) received from 29
2025/04/18 02:55:33 [notice] 1#1: worker process 29 exited with code 0
2025/04/18 02:55:33 [notice] 1#1: worker process 33 exited with code 0
2025/04/18 02:55:33 [notice] 1#1: signal 29 (SIGIO) received
2025/04/18 02:55:33 [notice] 1#1: signal 17 (SIGCHLD) received from 34
2025/04/18 02:55:33 [notice] 1#1: worker process 28 exited with code 0
2025/04/18 02:55:33 [notice] 1#1: worker process 32 exited with code 0
2025/04/18 02:55:33 [notice] 1#1: worker process 34 exited with code 0
2025/04/18 02:55:33 [notice] 1#1: worker process 36 exited with code 0
2025/04/18 02:55:33 [notice] 1#1: worker process 37 exited with code 0
2025/04/18 02:55:33 [notice] 1#1: worker process 38 exited with code 0
2025/04/18 02:55:33 [notice] 1#1: worker process 39 exited with code 0
2025/04/18 02:55:33 [notice] 1#1: signal 29 (SIGIO) received
2025/04/18 02:55:33 [notice] 1#1: signal 17 (SIGCHLD) received from 38
2025/04/18 02:55:33 [notice] 1#1: signal 17 (SIGCHLD) received from 31
2025/04/18 02:55:33 [notice] 1#1: worker process 31 exited with code 0
2025/04/18 02:55:33 [notice] 1#1: signal 29 (SIGIO) received
2025/04/18 02:55:33 [notice] 1#1: signal 17 (SIGCHLD) received from 35
2025/04/18 02:55:33 [notice] 1#1: worker process 35 exited with code 0
2025/04/18 02:55:33 [notice] 1#1: exit
2025/04/18 02:55:34 [notice] 1#1: using the "epoll" event method
2025/04/18 02:55:34 [notice] 1#1: nginx/1.27.5
2025/04/18 02:55:34 [notice] 1#1: built by gcc 12.2.0 (Debian 12.2.0-14) 
2025/04/18 02:55:34 [notice] 1#1: OS: Linux 5.15.167.4-microsoft-standard-WSL2
2025/04/18 02:55:34 [notice] 1#1: getrlimit(RLIMIT_NOFILE): 1048576:1048576
2025/04/18 02:55:34 [notice] 1#1: start worker processes
2025/04/18 02:55:34 [notice] 1#1: start worker process 28
2025/04/18 02:55:34 [notice] 1#1: start worker process 29
2025/04/18 02:55:34 [notice] 1#1: start worker process 30
2025/04/18 02:55:34 [notice] 1#1: start worker process 31
2025/04/18 02:55:34 [notice] 1#1: start worker process 32
2025/04/18 02:55:34 [notice] 1#1: start worker process 33
2025/04/18 02:55:34 [notice] 1#1: start worker process 34
2025/04/18 02:55:34 [notice] 1#1: start worker process 35
2025/04/18 02:55:34 [notice] 1#1: start worker process 36
2025/04/18 02:55:34 [notice] 1#1: start worker process 37
2025/04/18 02:55:34 [notice] 1#1: start worker process 38
2025/04/18 02:55:34 [notice] 1#1: start worker process 39
2025/04/18 03:01:00 [notice] 1#1: signal 3 (SIGQUIT) received, shutting down
2025/04/18 03:01:00 [notice] 28#28: gracefully shutting down
2025/04/18 03:01:00 [notice] 34#34: gracefully shutting down
2025/04/18 03:01:00 [notice] 29#29: gracefully shutting down
2025/04/18 03:01:00 [notice] 30#30: gracefully shutting down
2025/04/18 03:01:00 [notice] 31#31: gracefully shutting down
2025/04/18 03:01:00 [notice] 33#33: gracefully shutting down
2025/04/18 03:01:00 [notice] 32#32: gracefully shutting down
2025/04/18 03:01:00 [notice] 35#35: gracefully shutting down
2025/04/18 03:01:00 [notice] 28#28: exiting
2025/04/18 03:01:00 [notice] 37#37: gracefully shutting down
2025/04/18 03:01:00 [notice] 36#36: gracefully shutting down
2025/04/18 03:01:00 [notice] 36#36: exiting
2025/04/18 03:01:00 [notice] 39#39: gracefully shutting down
2025/04/18 03:01:00 [notice] 38#38: gracefully shutting down
2025/04/18 03:01:00 [notice] 34#34: exiting
2025/04/18 03:01:00 [notice] 29#29: exiting
2025/04/18 03:01:00 [notice] 30#30: exiting
2025/04/18 03:01:00 [notice] 31#31: exiting
2025/04/18 03:01:00 [notice] 33#33: exiting
2025/04/18 03:01:00 [notice] 32#32: exiting
2025/04/18 03:01:00 [notice] 35#35: exiting
2025/04/18 03:01:00 [notice] 28#28: exit
2025/04/18 03:01:00 [notice] 37#37: exiting
2025/04/18 03:01:00 [notice] 36#36: exit
2025/04/18 03:01:00 [notice] 39#39: exiting
2025/04/18 03:01:00 [notice] 38#38: exiting
2025/04/18 03:01:00 [notice] 34#34: exit
2025/04/18 03:01:00 [notice] 29#29: exit
2025/04/18 03:01:00 [notice] 30#30: exit
2025/04/18 03:01:00 [notice] 31#31: exit
2025/04/18 03:01:00 [notice] 33#33: exit
2025/04/18 03:01:00 [notice] 32#32: exit
2025/04/18 03:01:00 [notice] 35#35: exit
2025/04/18 03:01:00 [notice] 37#37: exit
2025/04/18 03:01:00 [notice] 39#39: exit
2025/04/18 03:01:00 [notice] 38#38: exit
2025/04/18 03:01:00 [notice] 1#1: signal 17 (SIGCHLD) received from 35
2025/04/18 03:01:00 [notice] 1#1: worker process 28 exited with code 0
2025/04/18 03:01:00 [notice] 1#1: worker process 30 exited with code 0
2025/04/18 03:01:00 [notice] 1#1: worker process 33 exited with code 0
2025/04/18 03:01:00 [notice] 1#1: worker process 35 exited with code 0
2025/04/18 03:01:00 [notice] 1#1: signal 29 (SIGIO) received
2025/04/18 03:01:00 [notice] 1#1: signal 17 (SIGCHLD) received from 33
2025/04/18 03:01:00 [notice] 1#1: signal 17 (SIGCHLD) received from 31
2025/04/18 03:01:00 [notice] 1#1: worker process 31 exited with code 0
2025/04/18 03:01:00 [notice] 1#1: signal 29 (SIGIO) received
2025/04/18 03:01:00 [notice] 1#1: signal 17 (SIGCHLD) received from 39
2025/04/18 03:01:00 [notice] 1#1: worker process 29 exited with code 0
2025/04/18 03:01:00 [notice] 1#1: worker process 32 exited with code 0
2025/04/18 03:01:00 [notice] 1#1: worker process 34 exited with code 0
2025/04/18 03:01:00 [notice] 1#1: worker process 36 exited with code 0
2025/04/18 03:01:00 [notice] 1#1: worker process 38 exited with code 0
2025/04/18 03:01:00 [notice] 1#1: worker process 39 exited with code 0
2025/04/18 03:01:00 [notice] 1#1: signal 29 (SIGIO) received
2025/04/18 03:01:00 [notice] 1#1: signal 17 (SIGCHLD) received from 29
2025/04/18 03:01:00 [notice] 1#1: signal 17 (SIGCHLD) received from 37
2025/04/18 03:01:00 [notice] 1#1: worker process 37 exited with code 0
2025/04/18 03:01:00 [notice] 1#1: exit
2025/04/18 03:01:01 [notice] 1#1: using the "epoll" event method
2025/04/18 03:01:01 [notice] 1#1: nginx/1.27.5
2025/04/18 03:01:01 [notice] 1#1: built by gcc 12.2.0 (Debian 12.2.0-14) 
2025/04/18 03:01:01 [notice] 1#1: OS: Linux 5.15.167.4-microsoft-standard-WSL2
2025/04/18 03:01:01 [notice] 1#1: getrlimit(RLIMIT_NOFILE): 1048576:1048576
2025/04/18 03:01:01 [notice] 1#1: start worker processes
2025/04/18 03:01:01 [notice] 1#1: start worker process 28
2025/04/18 03:01:01 [notice] 1#1: start worker process 29
2025/04/18 03:01:01 [notice] 1#1: start worker process 30
2025/04/18 03:01:01 [notice] 1#1: start worker process 31
2025/04/18 03:01:01 [notice] 1#1: start worker process 32
2025/04/18 03:01:01 [notice] 1#1: start worker process 33
2025/04/18 03:01:01 [notice] 1#1: start worker process 34
2025/04/18 03:01:01 [notice] 1#1: start worker process 35
2025/04/18 03:01:01 [notice] 1#1: start worker process 36
2025/04/18 03:01:01 [notice] 1#1: start worker process 37
2025/04/18 03:01:01 [notice] 1#1: start worker process 38
2025/04/18 03:01:01 [notice] 1#1: start worker process 39
2025/04/18 03:06:37 [notice] 1#1: signal 3 (SIGQUIT) received, shutting down
2025/04/18 03:06:37 [notice] 28#28: gracefully shutting down
2025/04/18 03:06:37 [notice] 36#36: gracefully shutting down
2025/04/18 03:06:37 [notice] 29#29: gracefully shutting down
2025/04/18 03:06:37 [notice] 32#32: gracefully shutting down
2025/04/18 03:06:37 [notice] 30#30: gracefully shutting down
2025/04/18 03:06:37 [notice] 31#31: gracefully shutting down
2025/04/18 03:06:37 [notice] 34#34: gracefully shutting down
2025/04/18 03:06:37 [notice] 33#33: gracefully shutting down
2025/04/18 03:06:37 [notice] 34#34: exiting
2025/04/18 03:06:37 [notice] 35#35: gracefully shutting down
2025/04/18 03:06:37 [notice] 39#39: gracefully shutting down
2025/04/18 03:06:37 [notice] 38#38: gracefully shutting down
2025/04/18 03:06:37 [notice] 37#37: gracefully shutting down
2025/04/18 03:06:37 [notice] 28#28: exiting
2025/04/18 03:06:37 [notice] 37#37: exiting
2025/04/18 03:06:37 [notice] 36#36: exiting
2025/04/18 03:06:37 [notice] 29#29: exiting
2025/04/18 03:06:37 [notice] 32#32: exiting
2025/04/18 03:06:37 [notice] 29#29: exit
2025/04/18 03:06:37 [notice] 30#30: exiting
2025/04/18 03:06:37 [notice] 31#31: exiting
2025/04/18 03:06:37 [notice] 33#33: exiting
2025/04/18 03:06:37 [notice] 34#34: exit
2025/04/18 03:06:37 [notice] 35#35: exiting
2025/04/18 03:06:37 [notice] 39#39: exiting
2025/04/18 03:06:37 [notice] 38#38: exiting
2025/04/18 03:06:37 [notice] 28#28: exit
2025/04/18 03:06:37 [notice] 37#37: exit
2025/04/18 03:06:37 [notice] 36#36: exit
2025/04/18 03:06:37 [notice] 32#32: exit
2025/04/18 03:06:37 [notice] 30#30: exit
2025/04/18 03:06:37 [notice] 31#31: exit
2025/04/18 03:06:37 [notice] 33#33: exit
2025/04/18 03:06:37 [notice] 35#35: exit
2025/04/18 03:06:37 [notice] 39#39: exit
2025/04/18 03:06:37 [notice] 38#38: exit
2025/04/18 03:06:37 [notice] 1#1: signal 17 (SIGCHLD) received from 28
2025/04/18 03:06:37 [notice] 1#1: worker process 28 exited with code 0
2025/04/18 03:06:37 [notice] 1#1: worker process 29 exited with code 0
2025/04/18 03:06:37 [notice] 1#1: worker process 30 exited with code 0
2025/04/18 03:06:37 [notice] 1#1: worker process 31 exited with code 0
2025/04/18 03:06:37 [notice] 1#1: worker process 33 exited with code 0
2025/04/18 03:06:37 [notice] 1#1: worker process 34 exited with code 0
2025/04/18 03:06:37 [notice] 1#1: worker process 36 exited with code 0
2025/04/18 03:06:37 [notice] 1#1: worker process 37 exited with code 0
2025/04/18 03:06:37 [notice] 1#1: signal 29 (SIGIO) received
2025/04/18 03:06:37 [notice] 1#1: signal 17 (SIGCHLD) received from 31
2025/04/18 03:06:37 [notice] 1#1: signal 17 (SIGCHLD) received from 35
2025/04/18 03:06:37 [notice] 1#1: worker process 35 exited with code 0
2025/04/18 03:06:37 [notice] 1#1: signal 29 (SIGIO) received
2025/04/18 03:06:37 [notice] 1#1: signal 17 (SIGCHLD) received from 38
2025/04/18 03:06:37 [notice] 1#1: worker process 32 exited with code 0
2025/04/18 03:06:37 [notice] 1#1: worker process 38 exited with code 0
2025/04/18 03:06:37 [notice] 1#1: worker process 39 exited with code 0
2025/04/18 03:06:37 [notice] 1#1: exit
2025/04/18 03:06:56 [notice] 1#1: using the "epoll" event method
2025/04/18 03:06:56 [notice] 1#1: nginx/1.27.5
2025/04/18 03:06:56 [notice] 1#1: built by gcc 12.2.0 (Debian 12.2.0-14) 
2025/04/18 03:06:56 [notice] 1#1: OS: Linux 5.15.167.4-microsoft-standard-WSL2
2025/04/18 03:06:56 [notice] 1#1: getrlimit(RLIMIT_NOFILE): 1048576:1048576
2025/04/18 03:06:56 [notice] 1#1: start worker processes
2025/04/18 03:06:56 [notice] 1#1: start worker process 28
2025/04/18 03:06:56 [notice] 1#1: start worker process 29
2025/04/18 03:06:56 [notice] 1#1: start worker process 30
2025/04/18 03:06:56 [notice] 1#1: start worker process 31
2025/04/18 03:06:56 [notice] 1#1: start worker process 32
2025/04/18 03:06:56 [notice] 1#1: start worker process 33
2025/04/18 03:06:56 [notice] 1#1: start worker process 34
2025/04/18 03:06:56 [notice] 1#1: start worker process 35
2025/04/18 03:06:56 [notice] 1#1: start worker process 36
2025/04/18 03:06:56 [notice] 1#1: start worker process 37
2025/04/18 03:06:56 [notice] 1#1: start worker process 38
2025/04/18 03:06:56 [notice] 1#1: start worker process 39
2025/04/18 03:31:02 [notice] 1#1: signal 3 (SIGQUIT) received, shutting down
2025/04/18 03:31:02 [notice] 31#31: gracefully shutting down
2025/04/18 03:31:02 [notice] 32#32: gracefully shutting down
2025/04/18 03:31:02 [notice] 33#33: gracefully shutting down
2025/04/18 03:31:02 [notice] 28#28: gracefully shutting down
2025/04/18 03:31:02 [notice] 30#30: gracefully shutting down
2025/04/18 03:31:02 [notice] 35#35: gracefully shutting down
2025/04/18 03:31:02 [notice] 36#36: gracefully shutting down
2025/04/18 03:31:02 [notice] 29#29: gracefully shutting down
2025/04/18 03:31:02 [notice] 34#34: gracefully shutting down
2025/04/18 03:31:02 [notice] 37#37: gracefully shutting down
2025/04/18 03:31:02 [notice] 39#39: gracefully shutting down
2025/04/18 03:31:02 [notice] 38#38: gracefully shutting down
2025/04/18 03:31:02 [notice] 31#31: exiting
2025/04/18 03:31:02 [notice] 33#33: exiting
2025/04/18 03:31:02 [notice] 32#32: exiting
2025/04/18 03:31:02 [notice] 37#37: exiting
2025/04/18 03:31:02 [notice] 28#28: exiting
2025/04/18 03:31:02 [notice] 35#35: exiting
2025/04/18 03:31:02 [notice] 30#30: exiting
2025/04/18 03:31:02 [notice] 36#36: exiting
2025/04/18 03:31:02 [notice] 29#29: exiting
2025/04/18 03:31:02 [notice] 34#34: exiting
2025/04/18 03:31:02 [notice] 37#37: exit
2025/04/18 03:31:02 [notice] 38#38: exiting
2025/04/18 03:31:02 [notice] 39#39: exiting
2025/04/18 03:31:02 [notice] 32#32: exit
2025/04/18 03:31:02 [notice] 30#30: exit
2025/04/18 03:31:02 [notice] 28#28: exit
2025/04/18 03:31:02 [notice] 31#31: exit
2025/04/18 03:31:02 [notice] 35#35: exit
2025/04/18 03:31:02 [notice] 33#33: exit
2025/04/18 03:31:02 [notice] 36#36: exit
2025/04/18 03:31:02 [notice] 34#34: exit
2025/04/18 03:31:02 [notice] 38#38: exit
2025/04/18 03:31:02 [notice] 29#29: exit
2025/04/18 03:31:02 [notice] 39#39: exit
2025/04/18 03:31:02 [notice] 1#1: signal 17 (SIGCHLD) received from 38
2025/04/18 03:31:02 [notice] 1#1: worker process 36 exited with code 0
2025/04/18 03:31:02 [notice] 1#1: worker process 38 exited with code 0
2025/04/18 03:31:02 [notice] 1#1: signal 29 (SIGIO) received
2025/04/18 03:31:02 [notice] 1#1: signal 17 (SIGCHLD) received from 29
2025/04/18 03:31:02 [notice] 1#1: worker process 29 exited with code 0
2025/04/18 03:31:02 [notice] 1#1: worker process 31 exited with code 0
2025/04/18 03:31:02 [notice] 1#1: signal 29 (SIGIO) received
2025/04/18 03:31:02 [notice] 1#1: signal 17 (SIGCHLD) received from 31
2025/04/18 03:31:02 [notice] 1#1: signal 17 (SIGCHLD) received from 35
2025/04/18 03:31:02 [notice] 1#1: worker process 33 exited with code 0
2025/04/18 03:31:02 [notice] 1#1: worker process 35 exited with code 0
2025/04/18 03:31:02 [notice] 1#1: signal 29 (SIGIO) received
2025/04/18 03:31:02 [notice] 1#1: signal 17 (SIGCHLD) received from 33
2025/04/18 03:31:02 [notice] 1#1: signal 17 (SIGCHLD) received from 39
2025/04/18 03:31:02 [notice] 1#1: worker process 34 exited with code 0
2025/04/18 03:31:02 [notice] 1#1: worker process 30 exited with code 0
2025/04/18 03:31:02 [notice] 1#1: worker process 32 exited with code 0
2025/04/18 03:31:02 [notice] 1#1: worker process 37 exited with code 0
2025/04/18 03:31:02 [notice] 1#1: worker process 39 exited with code 0
2025/04/18 03:31:02 [notice] 1#1: signal 29 (SIGIO) received
2025/04/18 03:31:02 [notice] 1#1: signal 17 (SIGCHLD) received from 32
2025/04/18 03:31:02 [notice] 1#1: signal 17 (SIGCHLD) received from 28
2025/04/18 03:31:02 [notice] 1#1: worker process 28 exited with code 0
2025/04/18 03:31:02 [notice] 1#1: exit
2025/04/21 19:07:54 [notice] 1#1: using the "epoll" event method
2025/04/21 19:07:54 [notice] 1#1: nginx/1.27.5
2025/04/21 19:07:54 [notice] 1#1: built by gcc 12.2.0 (Debian 12.2.0-14) 
2025/04/21 19:07:54 [notice] 1#1: OS: Linux 5.15.167.4-microsoft-standard-WSL2
2025/04/21 19:07:54 [notice] 1#1: getrlimit(RLIMIT_NOFILE): 1048576:1048576
2025/04/21 19:07:54 [notice] 1#1: start worker processes
2025/04/21 19:07:54 [notice] 1#1: start worker process 29
2025/04/21 19:07:54 [notice] 1#1: start worker process 30
2025/04/21 19:07:54 [notice] 1#1: start worker process 31
2025/04/21 19:07:54 [notice] 1#1: start worker process 32
2025/04/21 19:07:54 [notice] 1#1: start worker process 33
2025/04/21 19:07:54 [notice] 1#1: start worker process 34
2025/04/21 19:07:54 [notice] 1#1: start worker process 35
2025/04/21 19:07:54 [notice] 1#1: start worker process 36
2025/04/21 19:07:54 [notice] 1#1: start worker process 37
2025/04/21 19:07:54 [notice] 1#1: start worker process 38
2025/04/21 19:07:54 [notice] 1#1: start worker process 39
2025/04/21 19:07:54 [notice] 1#1: start worker process 40
2025/04/21 19:22:20 [notice] 1#1: signal 3 (SIGQUIT) received, shutting down
2025/04/21 19:22:20 [notice] 29#29: gracefully shutting down
2025/04/21 19:22:20 [notice] 30#30: gracefully shutting down
2025/04/21 19:22:20 [notice] 31#31: gracefully shutting down
2025/04/21 19:22:20 [notice] 40#40: gracefully shutting down
2025/04/21 19:22:20 [notice] 32#32: gracefully shutting down
2025/04/21 19:22:20 [notice] 29#29: exiting
2025/04/21 19:22:20 [notice] 33#33: gracefully shutting down
2025/04/21 19:22:20 [notice] 34#34: gracefully shutting down
2025/04/21 19:22:20 [notice] 37#37: gracefully shutting down
2025/04/21 19:22:20 [notice] 36#36: gracefully shutting down
2025/04/21 19:22:20 [notice] 38#38: gracefully shutting down
2025/04/21 19:22:20 [notice] 35#35: gracefully shutting down
2025/04/21 19:22:20 [notice] 39#39: gracefully shutting down
2025/04/21 19:22:20 [notice] 30#30: exiting
2025/04/21 19:22:20 [notice] 31#31: exiting
2025/04/21 19:22:20 [notice] 40#40: exiting
2025/04/21 19:22:20 [notice] 32#32: exiting
2025/04/21 19:22:20 [notice] 30#30: exit
2025/04/21 19:22:20 [notice] 33#33: exiting
2025/04/21 19:22:20 [notice] 29#29: exit
2025/04/21 19:22:20 [notice] 34#34: exiting
2025/04/21 19:22:20 [notice] 37#37: exiting
2025/04/21 19:22:20 [notice] 31#31: exit
2025/04/21 19:22:20 [notice] 34#34: exit
2025/04/21 19:22:20 [notice] 36#36: exiting
2025/04/21 19:22:20 [notice] 38#38: exiting
2025/04/21 19:22:20 [notice] 32#32: exit
2025/04/21 19:22:20 [notice] 40#40: exit
2025/04/21 19:22:20 [notice] 35#35: exiting
2025/04/21 19:22:20 [notice] 33#33: exit
2025/04/21 19:22:20 [notice] 35#35: exit
2025/04/21 19:22:20 [notice] 39#39: exiting
2025/04/21 19:22:20 [notice] 37#37: exit
2025/04/21 19:22:20 [notice] 36#36: exit
2025/04/21 19:22:20 [notice] 38#38: exit
2025/04/21 19:22:20 [notice] 39#39: exit
2025/04/21 19:22:21 [notice] 1#1: signal 17 (SIGCHLD) received from 35
2025/04/21 19:22:21 [notice] 1#1: worker process 29 exited with code 0
2025/04/21 19:22:21 [notice] 1#1: worker process 30 exited with code 0
2025/04/21 19:22:21 [notice] 1#1: worker process 33 exited with code 0
2025/04/21 19:22:21 [notice] 1#1: worker process 34 exited with code 0
2025/04/21 19:22:21 [notice] 1#1: worker process 35 exited with code 0
2025/04/21 19:22:21 [notice] 1#1: worker process 38 exited with code 0
2025/04/21 19:22:21 [notice] 1#1: worker process 39 exited with code 0
2025/04/21 19:22:21 [notice] 1#1: worker process 40 exited with code 0
2025/04/21 19:22:21 [notice] 1#1: signal 29 (SIGIO) received
2025/04/21 19:22:21 [notice] 1#1: signal 17 (SIGCHLD) received from 29
2025/04/21 19:22:21 [notice] 1#1: signal 17 (SIGCHLD) received from 36
2025/04/21 19:22:21 [notice] 1#1: worker process 36 exited with code 0
2025/04/21 19:22:21 [notice] 1#1: signal 29 (SIGIO) received
2025/04/21 19:22:21 [notice] 1#1: signal 17 (SIGCHLD) received from 37
2025/04/21 19:22:21 [notice] 1#1: worker process 31 exited with code 0
2025/04/21 19:22:21 [notice] 1#1: worker process 37 exited with code 0
2025/04/21 19:22:21 [notice] 1#1: signal 29 (SIGIO) received
2025/04/21 19:22:21 [notice] 1#1: signal 17 (SIGCHLD) received from 32
2025/04/21 19:22:21 [notice] 1#1: worker process 32 exited with code 0
2025/04/21 19:22:21 [notice] 1#1: exit
2025/04/21 19:23:08 [notice] 1#1: using the "epoll" event method
2025/04/21 19:23:08 [notice] 1#1: nginx/1.27.5
2025/04/21 19:23:08 [notice] 1#1: built by gcc 12.2.0 (Debian 12.2.0-14) 
2025/04/21 19:23:08 [notice] 1#1: OS: Linux 5.15.167.4-microsoft-standard-WSL2
2025/04/21 19:23:08 [notice] 1#1: getrlimit(RLIMIT_NOFILE): 1048576:1048576
2025/04/21 19:23:08 [notice] 1#1: start worker processes
2025/04/21 19:23:08 [notice] 1#1: start worker process 28
2025/04/21 19:23:08 [notice] 1#1: start worker process 29
2025/04/21 19:23:08 [notice] 1#1: start worker process 30
2025/04/21 19:23:08 [notice] 1#1: start worker process 31
2025/04/21 19:23:08 [notice] 1#1: start worker process 32
2025/04/21 19:23:08 [notice] 1#1: start worker process 33
2025/04/21 19:23:08 [notice] 1#1: start worker process 34
2025/04/21 19:23:08 [notice] 1#1: start worker process 35
2025/04/21 19:23:08 [notice] 1#1: start worker process 36
2025/04/21 19:23:08 [notice] 1#1: start worker process 37
2025/04/21 19:23:08 [notice] 1#1: start worker process 38
2025/04/21 19:23:08 [notice] 1#1: start worker process 39
